0 info it worked if it ends with ok
1 verbose cli [ 'C:\\Program Files\\nodejs\\node.exe',
1 verbose cli   'C:\\Program Files\\nodejs\\node_modules\\npm\\bin\\npm-cli.js',
1 verbose cli   'update' ]
2 info using npm@2.15.5
3 info using node@v4.4.5
4 silly mapToRegistry name gulp
5 silly mapToRegistry using default registry
6 silly mapToRegistry registry https://registry.npmjs.org/
7 silly mapToRegistry data Result {
7 silly mapToRegistry   raw: 'gulp',
7 silly mapToRegistry   scope: null,
7 silly mapToRegistry   name: 'gulp',
7 silly mapToRegistry   rawSpec: '',
7 silly mapToRegistry   spec: 'latest',
7 silly mapToRegistry   type: 'tag' }
8 silly mapToRegistry uri https://registry.npmjs.org/gulp
9 silly mapToRegistry name gulp-sass
10 silly mapToRegistry using default registry
11 silly mapToRegistry registry https://registry.npmjs.org/
12 silly mapToRegistry data Result {
12 silly mapToRegistry   raw: 'gulp-sass',
12 silly mapToRegistry   scope: null,
12 silly mapToRegistry   name: 'gulp-sass',
12 silly mapToRegistry   rawSpec: '',
12 silly mapToRegistry   spec: 'latest',
12 silly mapToRegistry   type: 'tag' }
13 silly mapToRegistry uri https://registry.npmjs.org/gulp-sass
14 silly mapToRegistry name gulp-concat
15 silly mapToRegistry using default registry
16 silly mapToRegistry registry https://registry.npmjs.org/
17 silly mapToRegistry data Result {
17 silly mapToRegistry   raw: 'gulp-concat',
17 silly mapToRegistry   scope: null,
17 silly mapToRegistry   name: 'gulp-concat',
17 silly mapToRegistry   rawSpec: '',
17 silly mapToRegistry   spec: 'latest',
17 silly mapToRegistry   type: 'tag' }
18 silly mapToRegistry uri https://registry.npmjs.org/gulp-concat
19 silly mapToRegistry name gulp-minify-css
20 silly mapToRegistry using default registry
21 silly mapToRegistry registry https://registry.npmjs.org/
22 silly mapToRegistry data Result {
22 silly mapToRegistry   raw: 'gulp-minify-css',
22 silly mapToRegistry   scope: null,
22 silly mapToRegistry   name: 'gulp-minify-css',
22 silly mapToRegistry   rawSpec: '',
22 silly mapToRegistry   spec: 'latest',
22 silly mapToRegistry   type: 'tag' }
23 silly mapToRegistry uri https://registry.npmjs.org/gulp-minify-css
24 silly mapToRegistry name gulp-rename
25 silly mapToRegistry using default registry
26 silly mapToRegistry registry https://registry.npmjs.org/
27 silly mapToRegistry data Result {
27 silly mapToRegistry   raw: 'gulp-rename',
27 silly mapToRegistry   scope: null,
27 silly mapToRegistry   name: 'gulp-rename',
27 silly mapToRegistry   rawSpec: '',
27 silly mapToRegistry   spec: 'latest',
27 silly mapToRegistry   type: 'tag' }
28 silly mapToRegistry uri https://registry.npmjs.org/gulp-rename
29 silly mapToRegistry name ngCordova
30 silly mapToRegistry using default registry
31 silly mapToRegistry registry https://registry.npmjs.org/
32 silly mapToRegistry data Result {
32 silly mapToRegistry   raw: 'ngCordova',
32 silly mapToRegistry   scope: null,
32 silly mapToRegistry   name: 'ngCordova',
32 silly mapToRegistry   rawSpec: '',
32 silly mapToRegistry   spec: 'latest',
32 silly mapToRegistry   type: 'tag' }
33 silly mapToRegistry uri https://registry.npmjs.org/ngCordova
34 silly mapToRegistry name bower
35 silly mapToRegistry using default registry
36 silly mapToRegistry registry https://registry.npmjs.org/
37 silly mapToRegistry data Result {
37 silly mapToRegistry   raw: 'bower',
37 silly mapToRegistry   scope: null,
37 silly mapToRegistry   name: 'bower',
37 silly mapToRegistry   rawSpec: '',
37 silly mapToRegistry   spec: 'latest',
37 silly mapToRegistry   type: 'tag' }
38 silly mapToRegistry uri https://registry.npmjs.org/bower
39 silly mapToRegistry name gulp-util
40 silly mapToRegistry using default registry
41 silly mapToRegistry registry https://registry.npmjs.org/
42 silly mapToRegistry data Result {
42 silly mapToRegistry   raw: 'gulp-util',
42 silly mapToRegistry   scope: null,
42 silly mapToRegistry   name: 'gulp-util',
42 silly mapToRegistry   rawSpec: '',
42 silly mapToRegistry   spec: 'latest',
42 silly mapToRegistry   type: 'tag' }
43 silly mapToRegistry uri https://registry.npmjs.org/gulp-util
44 silly mapToRegistry name shelljs
45 silly mapToRegistry using default registry
46 silly mapToRegistry registry https://registry.npmjs.org/
47 silly mapToRegistry data Result {
47 silly mapToRegistry   raw: 'shelljs',
47 silly mapToRegistry   scope: null,
47 silly mapToRegistry   name: 'shelljs',
47 silly mapToRegistry   rawSpec: '',
47 silly mapToRegistry   spec: 'latest',
47 silly mapToRegistry   type: 'tag' }
48 silly mapToRegistry uri https://registry.npmjs.org/shelljs
49 verbose request uri https://registry.npmjs.org/ngCordova
50 verbose request no auth needed
51 info attempt registry request try #1 at 13:02:52
52 verbose request id aed3954bbb6f55d3
53 http request GET https://registry.npmjs.org/ngCordova
54 verbose request uri https://registry.npmjs.org/gulp
55 verbose request no auth needed
56 info attempt registry request try #1 at 13:02:52
57 verbose etag "BLXWJ5WXRE5N7IYXQYBUVTK3Z"
58 http request GET https://registry.npmjs.org/gulp
59 verbose request uri https://registry.npmjs.org/gulp-sass
60 verbose request no auth needed
61 info attempt registry request try #1 at 13:02:52
62 verbose etag "4974BICKZ11FHIJHT5ECNEWCH"
63 http request GET https://registry.npmjs.org/gulp-sass
64 verbose request uri https://registry.npmjs.org/gulp-concat
65 verbose request no auth needed
66 info attempt registry request try #1 at 13:02:52
67 verbose etag "93422ELI7J1INBS1GOASJEEIU"
68 http request GET https://registry.npmjs.org/gulp-concat
69 verbose request uri https://registry.npmjs.org/gulp-rename
70 verbose request no auth needed
71 info attempt registry request try #1 at 13:02:52
72 verbose etag "4W1EQ6G8JDRTFVPPXYU7H7DQT"
73 http request GET https://registry.npmjs.org/gulp-rename
74 verbose request uri https://registry.npmjs.org/gulp-minify-css
75 verbose request no auth needed
76 info attempt registry request try #1 at 13:02:52
77 verbose etag "D7F0QZIUB1RTF2TWKPV5H72NW"
78 http request GET https://registry.npmjs.org/gulp-minify-css
79 verbose request uri https://registry.npmjs.org/gulp-util
80 verbose request no auth needed
81 info attempt registry request try #1 at 13:02:52
82 verbose etag "3ZMPKHCAFJLUJPJW2GIAUBEA4"
83 http request GET https://registry.npmjs.org/gulp-util
84 verbose request uri https://registry.npmjs.org/bower
85 verbose request no auth needed
86 info attempt registry request try #1 at 13:02:52
87 verbose etag "2NZKKF5GB4SLG5IVHB8R2GSVR"
88 http request GET https://registry.npmjs.org/bower
89 verbose request uri https://registry.npmjs.org/shelljs
90 verbose request no auth needed
91 info attempt registry request try #1 at 13:02:52
92 verbose etag "A0PVM5C27YXE6BAUTIEM9FBH1"
93 http request GET https://registry.npmjs.org/shelljs
94 http 304 https://registry.npmjs.org/gulp
95 verbose headers { date: 'Tue, 12 Jul 2016 16:03:15 GMT',
95 verbose headers   via: '1.1 varnish',
95 verbose headers   'cache-control': 'max-age=300',
95 verbose headers   etag: '"BLXWJ5WXRE5N7IYXQYBUVTK3Z"',
95 verbose headers   age: '273',
95 verbose headers   connection: 'keep-alive',
95 verbose headers   'x-served-by': 'cache-gru7123-GRU',
95 verbose headers   'x-cache': 'HIT',
95 verbose headers   'x-cache-hits': '3',
95 verbose headers   'x-timer': 'S1468339395.097801,VS0,VE0',
95 verbose headers   vary: 'Accept-Encoding' }
96 silly get cb [ 304,
96 silly get   { date: 'Tue, 12 Jul 2016 16:03:15 GMT',
96 silly get     via: '1.1 varnish',
96 silly get     'cache-control': 'max-age=300',
96 silly get     etag: '"BLXWJ5WXRE5N7IYXQYBUVTK3Z"',
96 silly get     age: '273',
96 silly get     connection: 'keep-alive',
96 silly get     'x-served-by': 'cache-gru7123-GRU',
96 silly get     'x-cache': 'HIT',
96 silly get     'x-cache-hits': '3',
96 silly get     'x-timer': 'S1468339395.097801,VS0,VE0',
96 silly get     vary: 'Accept-Encoding' } ]
97 verbose etag https://registry.npmjs.org/gulp from cache
98 verbose get saving gulp to C:\Users\Javier\AppData\Roaming\npm-cache\registry.npmjs.org\gulp\.cache.json
99 verbose correctMkdir C:\Users\Javier\AppData\Roaming\npm-cache correctMkdir not in flight; initializing
100 http 304 https://registry.npmjs.org/gulp-concat
101 verbose headers { date: 'Tue, 12 Jul 2016 16:03:15 GMT',
101 verbose headers   via: '1.1 varnish',
101 verbose headers   'cache-control': 'max-age=300',
101 verbose headers   etag: '"93422ELI7J1INBS1GOASJEEIU"',
101 verbose headers   age: '200',
101 verbose headers   connection: 'keep-alive',
101 verbose headers   'x-served-by': 'cache-gru7122-GRU',
101 verbose headers   'x-cache': 'HIT',
101 verbose headers   'x-cache-hits': '2',
101 verbose headers   'x-timer': 'S1468339395.099987,VS0,VE0',
101 verbose headers   vary: 'Accept-Encoding' }
102 silly get cb [ 304,
102 silly get   { date: 'Tue, 12 Jul 2016 16:03:15 GMT',
102 silly get     via: '1.1 varnish',
102 silly get     'cache-control': 'max-age=300',
102 silly get     etag: '"93422ELI7J1INBS1GOASJEEIU"',
102 silly get     age: '200',
102 silly get     connection: 'keep-alive',
102 silly get     'x-served-by': 'cache-gru7122-GRU',
102 silly get     'x-cache': 'HIT',
102 silly get     'x-cache-hits': '2',
102 silly get     'x-timer': 'S1468339395.099987,VS0,VE0',
102 silly get     vary: 'Accept-Encoding' } ]
103 verbose etag https://registry.npmjs.org/gulp-concat from cache
104 verbose get saving gulp-concat to C:\Users\Javier\AppData\Roaming\npm-cache\registry.npmjs.org\gulp-concat\.cache.json
105 verbose correctMkdir C:\Users\Javier\AppData\Roaming\npm-cache correctMkdir already in flight; waiting
106 http 304 https://registry.npmjs.org/gulp-minify-css
107 verbose headers { date: 'Tue, 12 Jul 2016 16:03:15 GMT',
107 verbose headers   via: '1.1 varnish',
107 verbose headers   'cache-control': 'max-age=300',
107 verbose headers   etag: '"D7F0QZIUB1RTF2TWKPV5H72NW"',
107 verbose headers   age: '200',
107 verbose headers   connection: 'keep-alive',
107 verbose headers   'x-served-by': 'cache-gru7121-GRU',
107 verbose headers   'x-cache': 'HIT',
107 verbose headers   'x-cache-hits': '6',
107 verbose headers   'x-timer': 'S1468339395.103664,VS0,VE0',
107 verbose headers   vary: 'Accept-Encoding' }
108 silly get cb [ 304,
108 silly get   { date: 'Tue, 12 Jul 2016 16:03:15 GMT',
108 silly get     via: '1.1 varnish',
108 silly get     'cache-control': 'max-age=300',
108 silly get     etag: '"D7F0QZIUB1RTF2TWKPV5H72NW"',
108 silly get     age: '200',
108 silly get     connection: 'keep-alive',
108 silly get     'x-served-by': 'cache-gru7121-GRU',
108 silly get     'x-cache': 'HIT',
108 silly get     'x-cache-hits': '6',
108 silly get     'x-timer': 'S1468339395.103664,VS0,VE0',
108 silly get     vary: 'Accept-Encoding' } ]
109 verbose etag https://registry.npmjs.org/gulp-minify-css from cache
110 verbose get saving gulp-minify-css to C:\Users\Javier\AppData\Roaming\npm-cache\registry.npmjs.org\gulp-minify-css\.cache.json
111 verbose correctMkdir C:\Users\Javier\AppData\Roaming\npm-cache correctMkdir already in flight; waiting
112 http 304 https://registry.npmjs.org/gulp-sass
113 verbose headers { date: 'Tue, 12 Jul 2016 16:03:15 GMT',
113 verbose headers   via: '1.1 varnish',
113 verbose headers   'cache-control': 'max-age=300',
113 verbose headers   etag: '"4974BICKZ11FHIJHT5ECNEWCH"',
113 verbose headers   age: '86',
113 verbose headers   connection: 'keep-alive',
113 verbose headers   'x-served-by': 'cache-gru7127-GRU',
113 verbose headers   'x-cache': 'HIT',
113 verbose headers   'x-cache-hits': '2',
113 verbose headers   'x-timer': 'S1468339395.105634,VS0,VE0',
113 verbose headers   vary: 'Accept-Encoding' }
114 silly get cb [ 304,
114 silly get   { date: 'Tue, 12 Jul 2016 16:03:15 GMT',
114 silly get     via: '1.1 varnish',
114 silly get     'cache-control': 'max-age=300',
114 silly get     etag: '"4974BICKZ11FHIJHT5ECNEWCH"',
114 silly get     age: '86',
114 silly get     connection: 'keep-alive',
114 silly get     'x-served-by': 'cache-gru7127-GRU',
114 silly get     'x-cache': 'HIT',
114 silly get     'x-cache-hits': '2',
114 silly get     'x-timer': 'S1468339395.105634,VS0,VE0',
114 silly get     vary: 'Accept-Encoding' } ]
115 verbose etag https://registry.npmjs.org/gulp-sass from cache
116 verbose get saving gulp-sass to C:\Users\Javier\AppData\Roaming\npm-cache\registry.npmjs.org\gulp-sass\.cache.json
117 verbose correctMkdir C:\Users\Javier\AppData\Roaming\npm-cache correctMkdir already in flight; waiting
118 http 304 https://registry.npmjs.org/gulp-util
119 verbose headers { date: 'Tue, 12 Jul 2016 16:03:15 GMT',
119 verbose headers   via: '1.1 varnish',
119 verbose headers   'cache-control': 'max-age=300',
119 verbose headers   etag: '"3ZMPKHCAFJLUJPJW2GIAUBEA4"',
119 verbose headers   age: '217',
119 verbose headers   connection: 'keep-alive',
119 verbose headers   'x-served-by': 'cache-gru7127-GRU',
119 verbose headers   'x-cache': 'HIT',
119 verbose headers   'x-cache-hits': '3',
119 verbose headers   'x-timer': 'S1468339395.108905,VS0,VE0',
119 verbose headers   vary: 'Accept-Encoding' }
120 silly get cb [ 304,
120 silly get   { date: 'Tue, 12 Jul 2016 16:03:15 GMT',
120 silly get     via: '1.1 varnish',
120 silly get     'cache-control': 'max-age=300',
120 silly get     etag: '"3ZMPKHCAFJLUJPJW2GIAUBEA4"',
120 silly get     age: '217',
120 silly get     connection: 'keep-alive',
120 silly get     'x-served-by': 'cache-gru7127-GRU',
120 silly get     'x-cache': 'HIT',
120 silly get     'x-cache-hits': '3',
120 silly get     'x-timer': 'S1468339395.108905,VS0,VE0',
120 silly get     vary: 'Accept-Encoding' } ]
121 verbose etag https://registry.npmjs.org/gulp-util from cache
122 verbose get saving gulp-util to C:\Users\Javier\AppData\Roaming\npm-cache\registry.npmjs.org\gulp-util\.cache.json
123 verbose correctMkdir C:\Users\Javier\AppData\Roaming\npm-cache correctMkdir already in flight; waiting
124 http 304 https://registry.npmjs.org/bower
125 verbose headers { date: 'Tue, 12 Jul 2016 16:03:15 GMT',
125 verbose headers   via: '1.1 varnish',
125 verbose headers   'cache-control': 'max-age=300',
125 verbose headers   etag: '"2NZKKF5GB4SLG5IVHB8R2GSVR"',
125 verbose headers   age: '85',
125 verbose headers   connection: 'keep-alive',
125 verbose headers   'x-served-by': 'cache-gru7120-GRU',
125 verbose headers   'x-cache': 'HIT',
125 verbose headers   'x-cache-hits': '2',
125 verbose headers   'x-timer': 'S1468339395.113377,VS0,VE0',
125 verbose headers   vary: 'Accept-Encoding' }
126 silly get cb [ 304,
126 silly get   { date: 'Tue, 12 Jul 2016 16:03:15 GMT',
126 silly get     via: '1.1 varnish',
126 silly get     'cache-control': 'max-age=300',
126 silly get     etag: '"2NZKKF5GB4SLG5IVHB8R2GSVR"',
126 silly get     age: '85',
126 silly get     connection: 'keep-alive',
126 silly get     'x-served-by': 'cache-gru7120-GRU',
126 silly get     'x-cache': 'HIT',
126 silly get     'x-cache-hits': '2',
126 silly get     'x-timer': 'S1468339395.113377,VS0,VE0',
126 silly get     vary: 'Accept-Encoding' } ]
127 verbose etag https://registry.npmjs.org/bower from cache
128 verbose get saving bower to C:\Users\Javier\AppData\Roaming\npm-cache\registry.npmjs.org\bower\.cache.json
129 verbose correctMkdir C:\Users\Javier\AppData\Roaming\npm-cache correctMkdir already in flight; waiting
130 http 304 https://registry.npmjs.org/shelljs
131 verbose headers { date: 'Tue, 12 Jul 2016 16:03:15 GMT',
131 verbose headers   via: '1.1 varnish',
131 verbose headers   'cache-control': 'max-age=300',
131 verbose headers   etag: '"A0PVM5C27YXE6BAUTIEM9FBH1"',
131 verbose headers   age: '130',
131 verbose headers   connection: 'keep-alive',
131 verbose headers   'x-served-by': 'cache-gru7126-GRU',
131 verbose headers   'x-cache': 'HIT',
131 verbose headers   'x-cache-hits': '11',
131 verbose headers   'x-timer': 'S1468339395.111890,VS0,VE0',
131 verbose headers   vary: 'Accept-Encoding' }
132 silly get cb [ 304,
132 silly get   { date: 'Tue, 12 Jul 2016 16:03:15 GMT',
132 silly get     via: '1.1 varnish',
132 silly get     'cache-control': 'max-age=300',
132 silly get     etag: '"A0PVM5C27YXE6BAUTIEM9FBH1"',
132 silly get     age: '130',
132 silly get     connection: 'keep-alive',
132 silly get     'x-served-by': 'cache-gru7126-GRU',
132 silly get     'x-cache': 'HIT',
132 silly get     'x-cache-hits': '11',
132 silly get     'x-timer': 'S1468339395.111890,VS0,VE0',
132 silly get     vary: 'Accept-Encoding' } ]
133 verbose etag https://registry.npmjs.org/shelljs from cache
134 verbose get saving shelljs to C:\Users\Javier\AppData\Roaming\npm-cache\registry.npmjs.org\shelljs\.cache.json
135 verbose correctMkdir C:\Users\Javier\AppData\Roaming\npm-cache correctMkdir already in flight; waiting
136 http 304 https://registry.npmjs.org/gulp-rename
137 verbose headers { date: 'Tue, 12 Jul 2016 16:03:15 GMT',
137 verbose headers   via: '1.1 varnish',
137 verbose headers   'cache-control': 'max-age=300',
137 verbose headers   etag: '"4W1EQ6G8JDRTFVPPXYU7H7DQT"',
137 verbose headers   age: '0',
137 verbose headers   connection: 'keep-alive',
137 verbose headers   'x-served-by': 'cache-gru7125-GRU',
137 verbose headers   'x-cache': 'HIT',
137 verbose headers   'x-cache-hits': '1',
137 verbose headers   'x-timer': 'S1468339395.106435,VS0,VE145',
137 verbose headers   vary: 'Accept-Encoding' }
138 silly get cb [ 304,
138 silly get   { date: 'Tue, 12 Jul 2016 16:03:15 GMT',
138 silly get     via: '1.1 varnish',
138 silly get     'cache-control': 'max-age=300',
138 silly get     etag: '"4W1EQ6G8JDRTFVPPXYU7H7DQT"',
138 silly get     age: '0',
138 silly get     connection: 'keep-alive',
138 silly get     'x-served-by': 'cache-gru7125-GRU',
138 silly get     'x-cache': 'HIT',
138 silly get     'x-cache-hits': '1',
138 silly get     'x-timer': 'S1468339395.106435,VS0,VE145',
138 silly get     vary: 'Accept-Encoding' } ]
139 verbose etag https://registry.npmjs.org/gulp-rename from cache
140 verbose get saving gulp-rename to C:\Users\Javier\AppData\Roaming\npm-cache\registry.npmjs.org\gulp-rename\.cache.json
141 verbose correctMkdir C:\Users\Javier\AppData\Roaming\npm-cache correctMkdir not in flight; initializing
142 http 404 https://registry.npmjs.org/ngCordova
143 verbose headers { 'content-type': 'application/json',
143 verbose headers   'cache-control': 'max-age=0',
143 verbose headers   'content-length': '2',
143 verbose headers   'accept-ranges': 'bytes',
143 verbose headers   date: 'Tue, 12 Jul 2016 16:03:15 GMT',
143 verbose headers   via: '1.1 varnish',
143 verbose headers   age: '0',
143 verbose headers   connection: 'keep-alive',
143 verbose headers   'x-served-by': 'cache-gru7125-GRU',
143 verbose headers   'x-cache': 'MISS',
143 verbose headers   'x-cache-hits': '0',
143 verbose headers   'x-timer': 'S1468339395.095321,VS0,VE588',
143 verbose headers   vary: 'Accept-Encoding' }
144 silly get cb [ 404,
144 silly get   { 'content-type': 'application/json',
144 silly get     'cache-control': 'max-age=0',
144 silly get     'content-length': '2',
144 silly get     'accept-ranges': 'bytes',
144 silly get     date: 'Tue, 12 Jul 2016 16:03:15 GMT',
144 silly get     via: '1.1 varnish',
144 silly get     age: '0',
144 silly get     connection: 'keep-alive',
144 silly get     'x-served-by': 'cache-gru7125-GRU',
144 silly get     'x-cache': 'MISS',
144 silly get     'x-cache-hits': '0',
144 silly get     'x-timer': 'S1468339395.095321,VS0,VE588',
144 silly get     vary: 'Accept-Encoding' } ]
145 verbose stack Error: Registry returned 404 for GET on https://registry.npmjs.org/ngCordova
145 verbose stack     at makeError (C:\Program Files\nodejs\node_modules\npm\node_modules\npm-registry-client\lib\request.js:264:12)
145 verbose stack     at CachingRegistryClient.<anonymous> (C:\Program Files\nodejs\node_modules\npm\node_modules\npm-registry-client\lib\request.js:242:14)
145 verbose stack     at Request._callback (C:\Program Files\nodejs\node_modules\npm\node_modules\npm-registry-client\lib\request.js:172:14)
145 verbose stack     at Request.self.callback (C:\Program Files\nodejs\node_modules\npm\node_modules\request\request.js:200:22)
145 verbose stack     at emitTwo (events.js:87:13)
145 verbose stack     at Request.emit (events.js:172:7)
145 verbose stack     at Request.<anonymous> (C:\Program Files\nodejs\node_modules\npm\node_modules\request\request.js:1067:10)
145 verbose stack     at emitOne (events.js:82:20)
145 verbose stack     at Request.emit (events.js:169:7)
145 verbose stack     at IncomingMessage.<anonymous> (C:\Program Files\nodejs\node_modules\npm\node_modules\request\request.js:988:12)
146 verbose statusCode 404
147 verbose pkgid ngCordova
148 verbose cwd C:\proyectos\swarmy\myApp
149 error Windows_NT 10.0.10586
150 error argv "C:\\Program Files\\nodejs\\node.exe" "C:\\Program Files\\nodejs\\node_modules\\npm\\bin\\npm-cli.js" "update"
151 error node v4.4.5
152 error npm  v2.15.5
153 error code E404
154 error 404 Registry returned 404 for GET on https://registry.npmjs.org/ngCordova
154 error 404
154 error 404 'ngCordova' is not in the npm registry.
154 error 404 Your package name is not valid, because
154 error 404
154 error 404  1. name can no longer contain capital letters
154 error 404
154 error 404 Note that you can also install from a
154 error 404 tarball, folder, http url, or git url.
155 verbose exit [ 1, true ]
